[0517/092811.391:INFO:CONSOLE(2)] "Uncaught (in promise) CollectionSilentQueryError: message not sent by me", source: https://web.whatsapp.com/vendor1~app.264a01b6133c4a120327.js (2)
[0517/092820.495:INFO:CONSOLE(2)] "Uncaught (in promise) CollectionSilentQueryError: message not sent by me", source: https://web.whatsapp.com/vendor1~app.264a01b6133c4a120327.js (2)
[0517/092827.853:INFO:CONSOLE(2)] "Uncaught (in promise) CollectionSilentQueryError: message not sent by me", source: https://web.whatsapp.com/vendor1~app.264a01b6133c4a120327.js (2)
[0517/092838.686:INFO:CONSOLE(2)] "Uncaught (in promise) CollectionSilentQueryError: message not sent by me", source: https://web.whatsapp.com/vendor1~app.264a01b6133c4a120327.js (2)
[0517/092847.478:INFO:CONSOLE(2)] "Uncaught (in promise) CollectionSilentQueryError: message not sent by me", source: https://web.whatsapp.com/vendor1~app.264a01b6133c4a120327.js (2)
[0517/092900.049:INFO:CONSOLE(2)] "Uncaught (in promise) CollectionSilentQueryError: message not sent by me", source: https://web.whatsapp.com/vendor1~app.264a01b6133c4a120327.js (2)
[0517/092914.066:WARNING:dns_config_service_win.cc(584)] Failed to read DnsConfig.
[0517/092919.097:WARNING:dns_config_service_win.cc(584)] Failed to read DnsConfig.
[0517/092929.129:WARNING:dns_config_service_win.cc(584)] Failed to read DnsConfig.
[0517/092945.741:INFO:CONSOLE(0)] "The FetchEvent for "https://web.whatsapp.com/img/favicon-error2_fb2afa4bfd23495c7bd2555bb080bb35.png" resulted in a network error response: the promise was rejected.", source:  (0)
[0517/092945.749:INFO:CONSOLE(344)] "Uncaught (in promise) TypeError: Failed to fetch", source: https://web.whatsapp.com/serviceworker.js (344)
[0517/092946.846:INFO:CONSOLE(0)] "The FetchEvent for "https://web.whatsapp.com/img/favicon-error2_fb2afa4bfd23495c7bd2555bb080bb35.png" resulted in a network error response: the promise was rejected.", source:  (0)
[0517/092946.846:INFO:CONSOLE(344)] "Uncaught (in promise) TypeError: Failed to fetch", source: https://web.whatsapp.com/serviceworker.js (344)
[0517/092947.931:INFO:CONSOLE(0)] "The FetchEvent for "https://web.whatsapp.com/img/favicon-error2_fb2afa4bfd23495c7bd2555bb080bb35.png" resulted in a network error response: the promise was rejected.", source:  (0)
[0517/092947.931:INFO:CONSOLE(344)] "Uncaught (in promise) TypeError: Failed to fetch", source: https://web.whatsapp.com/serviceworker.js (344)
[0517/092949.029:INFO:CONSOLE(0)] "The FetchEvent for "https://web.whatsapp.com/img/favicon-error2_fb2afa4bfd23495c7bd2555bb080bb35.png" resulted in a network error response: the promise was rejected.", source:  (0)
[0517/092949.045:INFO:CONSOLE(344)] "Uncaught (in promise) TypeError: Failed to fetch", source: https://web.whatsapp.com/serviceworker.js (344)
[0517/092949.182:WARNING:dns_config_service_win.cc(584)] Failed to read DnsConfig.
[0517/092950.069:INFO:CONSOLE(0)] "The FetchEvent for "https://web.whatsapp.com/img/favicon-error2_fb2afa4bfd23495c7bd2555bb080bb35.png" resulted in a network error response: the promise was rejected.", source:  (0)
[0517/092950.075:INFO:CONSOLE(344)] "Uncaught (in promise) TypeError: Failed to fetch", source: https://web.whatsapp.com/serviceworker.js (344)
[0517/092951.141:INFO:CONSOLE(0)] "The FetchEvent for "https://web.whatsapp.com/img/favicon-error2_fb2afa4bfd23495c7bd2555bb080bb35.png" resulted in a network error response: the promise was rejected.", source:  (0)
[0517/092951.156:INFO:CONSOLE(344)] "Uncaught (in promise) TypeError: Failed to fetch", source: https://web.whatsapp.com/serviceworker.js (344)
[0517/092952.266:INFO:CONSOLE(0)] "The FetchEvent for "https://web.whatsapp.com/img/favicon-error2_fb2afa4bfd23495c7bd2555bb080bb35.png" resulted in a network error response: the promise was rejected.", source:  (0)
[0517/092952.266:INFO:CONSOLE(344)] "Uncaught (in promise) TypeError: Failed to fetch", source: https://web.whatsapp.com/serviceworker.js (344)
[0517/092953.370:INFO:CONSOLE(0)] "The FetchEvent for "https://web.whatsapp.com/img/favicon-error2_fb2afa4bfd23495c7bd2555bb080bb35.png" resulted in a network error response: the promise was rejected.", source:  (0)
[0517/092953.370:INFO:CONSOLE(344)] "Uncaught (in promise) TypeError: Failed to fetch", source: https://web.whatsapp.com/serviceworker.js (344)
[0517/092954.424:INFO:CONSOLE(0)] "The FetchEvent for "https://web.whatsapp.com/img/favicon-error2_fb2afa4bfd23495c7bd2555bb080bb35.png" resulted in a network error response: the promise was rejected.", source:  (0)
[0517/092954.424:INFO:CONSOLE(344)] "Uncaught (in promise) TypeError: Failed to fetch", source: https://web.whatsapp.com/serviceworker.js (344)
[0517/092955.501:INFO:CONSOLE(0)] "The FetchEvent for "https://web.whatsapp.com/img/favicon-error2_fb2afa4bfd23495c7bd2555bb080bb35.png" resulted in a network error response: the promise was rejected.", source:  (0)
[0517/092955.501:INFO:CONSOLE(344)] "Uncaught (in promise) TypeError: Failed to fetch", source: https://web.whatsapp.com/serviceworker.js (344)
[0517/092956.607:INFO:CONSOLE(0)] "The FetchEvent for "https://web.whatsapp.com/img/favicon-error2_fb2afa4bfd23495c7bd2555bb080bb35.png" resulted in a network error response: the promise was rejected.", source:  (0)
[0517/092956.607:INFO:CONSOLE(344)] "Uncaught (in promise) TypeError: Failed to fetch", source: https://web.whatsapp.com/serviceworker.js (344)
[0517/092958.678:INFO:CONSOLE(0)] "The FetchEvent for "https://web.whatsapp.com/img/favicon-error2_fb2afa4bfd23495c7bd2555bb080bb35.png" resulted in a network error response: the promise was rejected.", source:  (0)
[0517/092958.678:INFO:CONSOLE(344)] "Uncaught (in promise) TypeError: Failed to fetch", source: https://web.whatsapp.com/serviceworker.js (344)
[0517/093002.978:INFO:CONSOLE(0)] "The FetchEvent for "https://web.whatsapp.com/img/favicon-error2_fb2afa4bfd23495c7bd2555bb080bb35.png" resulted in a network error response: the promise was rejected.", source:  (0)
[0517/093002.978:INFO:CONSOLE(344)] "Uncaught (in promise) TypeError: Failed to fetch", source: https://web.whatsapp.com/serviceworker.js (344)
[0517/093011.296:INFO:CONSOLE(0)] "The FetchEvent for "https://web.whatsapp.com/img/favicon-error2_fb2afa4bfd23495c7bd2555bb080bb35.png" resulted in a network error response: the promise was rejected.", source:  (0)
[0517/093011.296:INFO:CONSOLE(344)] "Uncaught (in promise) TypeError: Failed to fetch", source: https://web.whatsapp.com/serviceworker.js (344)
[0517/093028.513:INFO:CONSOLE(0)] "The FetchEvent for "https://web.whatsapp.com/img/favicon-error2_fb2afa4bfd23495c7bd2555bb080bb35.png" resulted in a network error response: the promise was rejected.", source:  (0)
[0517/093028.513:INFO:CONSOLE(344)] "Uncaught (in promise) TypeError: Failed to fetch", source: https://web.whatsapp.com/serviceworker.js (344)
[0517/093104.900:INFO:CONSOLE(0)] "The FetchEvent for "https://web.whatsapp.com/img/favicon-error2_fb2afa4bfd23495c7bd2555bb080bb35.png" resulted in a network error response: the promise was rejected.", source:  (0)
[0517/093104.915:INFO:CONSOLE(344)] "Uncaught (in promise) TypeError: Failed to fetch", source: https://web.whatsapp.com/serviceworker.js (344)
[0517/093211.127:INFO:CONSOLE(0)] "The FetchEvent for "https://web.whatsapp.com/img/favicon-error2_fb2afa4bfd23495c7bd2555bb080bb35.png" resulted in a network error response: the promise was rejected.", source:  (0)
[0517/093211.127:INFO:CONSOLE(344)] "Uncaught (in promise) TypeError: Failed to fetch", source: https://web.whatsapp.com/serviceworker.js (344)
[0517/093306.390:INFO:CONSOLE(265)] "Failed to parse video contentType: video/mp4; codecs=avc1.42000a", source: https://web.whatsapp.com/app.2c7f8dd150ae88037cde.js (265)
[0517/093306.405:INFO:CONSOLE(265)] "Failed to parse video contentType: video/mp4; codecs=hev1.1.6.L93.B0", source: https://web.whatsapp.com/app.2c7f8dd150ae88037cde.js (265)
